#
# A fatal error has been detected by the Java Runtime Environment:
#
#  EXCEPTION_ACCESS_VIOLATION (0xc0000005) at pc=0x6d99a27e, pid=3132, tid=6048
#
# JRE version: 6.0_24-b07
# Java VM: Java HotSpot(TM) Client VM (19.1-b02 mixed mode, sharing windows-x86 )
# Problematic frame:
# V  [jvm.dll+0xfa27e]
#
# If you would like to submit a bug report, please visit:
#   http://java.sun.com/webapps/bugreport/crash.jsp
#

---------------  T H R E A D  ---------------

Current thread (0x03f1ac00):  JavaThread "Java2D Disposer" daemon [_thread_in_vm, id=6048, stack(0x041e0000,0x04230000)]

siginfo: ExceptionCode=0xc0000005, reading address 0x00000000

Registers:
EAX=0x01b530b8, EBX=0x00000000, ECX=0x00000000, EDX=0x0422f8c0
ESP=0x0422f8b0, EBP=0x0422f944, ESI=0x03f1ac00, EDI=0x01b8a668
EIP=0x6d99a27e, EFLAGS=0x00010202

Register to memory mapping:

EAX=0x01b530b8
0x01b530b8 is pointing to unknown location

EBX=0x00000000
0x00000000 is pointing to unknown location

ECX=0x00000000
0x00000000 is pointing to unknown location

EDX=0x0422f8c0
0x0422f8c0 is pointing into the stack for thread: 0x03f1ac00
"Java2D Disposer" daemon prio=10 tid=0x03f1ac00 nid=0x17a0 runnable [0x0422f000]
   java.lang.Thread.State: RUNNABLE

ESP=0x0422f8b0
0x0422f8b0 is pointing into the stack for thread: 0x03f1ac00
"Java2D Disposer" daemon prio=10 tid=0x03f1ac00 nid=0x17a0 runnable [0x0422f000]
   java.lang.Thread.State: RUNNABLE

EBP=0x0422f944
0x0422f944 is pointing into the stack for thread: 0x03f1ac00
"Java2D Disposer" daemon prio=10 tid=0x03f1ac00 nid=0x17a0 runnable [0x0422f000]
   java.lang.Thread.State: RUNNABLE

ESI=0x03f1ac00
"Java2D Disposer" daemon prio=10 tid=0x03f1ac00 nid=0x17a0 runnable [0x0422f000]
   java.lang.Thread.State: RUNNABLE

EDI=0x01b8a668
0x01b8a668 is pointing to unknown location


Top of Stack: (sp=0x0422f8b0)
0x0422f8b0:   01b3bfec 03f1ad18 03f1ac00 38286b00
0x0422f8c0:   01b530b8 6da536ec 03f1ac00 000014dd
0x0422f8d0:   0000002b 003570d0 6d94d162 000014dd
0x0422f8e0:   01b501b4 0422fa00 6da120f4 0422f8c0
0x0422f8f0:   0422f8e1 00000001 00000008 03f1ac00
0x0422f900:   6db1c254 00000000 01b530c0 6da13bf6
0x0422f910:   0422f940 6d8a1086 03f1ac00 01b47f40
0x0422f920:   03f1ac00 03f1ad18 0422f91c 01b52888 

Instructions: (pc=0x6d99a27e)
0x6d99a26e:   b0 8b 55 a8 8b 45 f4 89 04 8a ff 45 b0 8b 5d fc
0x6d99a27e:   8b 03 8b 48 08 0f b7 51 2a 8b 40 0c 8b 4c 90 24 


Stack: [0x041e0000,0x04230000],  sp=0x0422f8b0,  free space=318k
Native frames: (J=compiled Java code, j=interpreted, Vv=VM code, C=native code)
V  [jvm.dll+0xfa27e]
V  [jvm.dll+0xfd0c7]
C  [awt.dll+0x6c7cc]
j  java.awt.Cursor.finalizeImpl(J)V+0
j  java.awt.Cursor.access$000(J)V+1
j  java.awt.Cursor$CursorDisposer.dispose()V+13
j  sun.java2d.Disposer.run()V+26
j  java.lang.Thread.run()V+11
v  ~StubRoutines::call_stub
V  [jvm.dll+0xf0ab9]
V  [jvm.dll+0x1837d1]
V  [jvm.dll+0xf0c61]
V  [jvm.dll+0xf0cbb]
V  [jvm.dll+0x11b4b9]
V  [jvm.dll+0x1e4624]
V  [jvm.dll+0x18317c]
C  [msvcr71.dll+0x9565]
C  [kernel32.dll+0x4ed6c]
C  [ntdll.dll+0x6377b]
C  [ntdll.dll+0x6374e]

Java frames: (J=compiled Java code, j=interpreted, Vv=VM code)
j  java.awt.Cursor.finalizeImpl(J)V+0
j  java.awt.Cursor.access$000(J)V+1
j  java.awt.Cursor$CursorDisposer.dispose()V+13
j  sun.java2d.Disposer.run()V+26
j  java.lang.Thread.run()V+11
v  ~StubRoutines::call_stub

---------------  P R O C E S S  ---------------

Java Threads: ( => current thread )
  0x040fc000 JavaThread "Thread-1" daemon [_thread_in_native, id=3948, stack(0x04a50000,0x04aa0000)]
  0x01bc6000 JavaThread "TimerQueue" daemon [_thread_blocked, id=3184, stack(0x04410000,0x04460000)]
  0x00359000 JavaThread "DestroyJavaVM" [_thread_blocked, id=504, stack(0x00360000,0x003b0000)]
  0x03f4c400 JavaThread "AWT-EventQueue-0" [_thread_blocked, id=4132, stack(0x053a0000,0x053f0000)]
  0x03f1d400 JavaThread "AWT-Shutdown" [_thread_blocked, id=5012, stack(0x04230000,0x04280000)]
=>0x03f1ac00 JavaThread "Java2D Disposer" daemon [_thread_in_vm, id=6048, stack(0x041e0000,0x04230000)]
  0x01b51800 JavaThread "Low Memory Detector" daemon [_thread_blocked, id=4404, stack(0x03e60000,0x03eb0000)]
  0x01b4ac00 JavaThread "CompilerThread0" daemon [_thread_blocked, id=4484, stack(0x03e10000,0x03e60000)]
  0x01b49c00 JavaThread "Attach Listener" daemon [_thread_blocked, id=5476, stack(0x03dc0000,0x03e10000)]
  0x01b48c00 JavaThread "Signal Dispatcher" daemon [_thread_blocked, id=828, stack(0x03d70000,0x03dc0000)]
  0x01b40c00 JavaThread "Finalizer" daemon [_thread_blocked, id=5144, stack(0x03d20000,0x03d70000)]
  0x01b3c400 JavaThread "Reference Handler" daemon [_thread_blocked, id=3068, stack(0x03cd0000,0x03d20000)]

Other Threads:
  0x01b00800 VMThread [stack: 0x03c80000,0x03cd0000] [id=2792]
  0x01b63400 WatcherThread [stack: 0x03eb0000,0x03f00000] [id=2636]

VM state:not at safepoint (normal execution)

VM Mutex/Monitor currently owned by a thread: None

Heap
 def new generation   total 17664K, used 457K [0x23750000, 0x24a70000, 0x28ca0000)
  eden space 15744K,   2% used [0x23750000, 0x237a8ab8, 0x246b0000)
  from space 1920K,   5% used [0x24890000, 0x248a9968, 0x24a70000)
  to   space 1920K,   0% used [0x246b0000, 0x246b0000, 0x24890000)
 tenured generation   total 39052K, used 23431K [0x28ca0000, 0x2b2c3000, 0x33750000)
   the space 39052K,  59% used [0x28ca0000, 0x2a381c00, 0x2a381c00, 0x2b2c3000)
 compacting perm gen  total 12288K, used 1354K [0x33750000, 0x34350000, 0x37750000)
   the space 12288K,  11% used [0x33750000, 0x338a2ba8, 0x338a2c00, 0x34350000)
    ro space 10240K,  54% used [0x37750000, 0x37ccd9f8, 0x37ccda00, 0x38150000)
    rw space 12288K,  55% used [0x38150000, 0x387f13f8, 0x387f1400, 0x38d50000)

Dynamic libraries:
0x00400000 - 0x00424000 	C:\Program Files\Java\jdk1.6.0_24\bin\java.exe
0x77b40000 - 0x77c7c000 	C:\Windows\SYSTEM32\ntdll.dll
0x76250000 - 0x76324000 	C:\Windows\system32\kernel32.dll
0x75e80000 - 0x75eca000 	C:\Windows\system32\KERNELBASE.dll
0x75c60000 - 0x75c94000 	C:\Program Files\AVAST Software\Avast\snxhk.dll
0x77280000 - 0x77320000 	C:\Windows\system32\ADVAPI32.dll
0x75f90000 - 0x7603c000 	C:\Windows\system32\msvcrt.dll
0x77c90000 - 0x77ca9000 	C:\Windows\SYSTEM32\sechost.dll
0x764f0000 - 0x76591000 	C:\Windows\system32\RPCRT4.dll
0x75b80000 - 0x75bcc000 	C:\Windows\system32\apphelp.dll
0x6b980000 - 0x6ba0d000 	C:\Windows\AppPatch\AcLayers.DLL
0x75b60000 - 0x75b7b000 	C:\Windows\system32\SspiCli.dll
0x76330000 - 0x763f9000 	C:\Windows\system32\USER32.dll
0x77cd0000 - 0x77d1e000 	C:\Windows\system32\GDI32.dll
0x77320000 - 0x7732a000 	C:\Windows\system32\LPK.dll
0x77860000 - 0x778fd000 	C:\Windows\system32\USP10.dll
0x765b0000 - 0x771fa000 	C:\Windows\system32\SHELL32.dll
0x77800000 - 0x77857000 	C:\Windows\system32\SHLWAPI.dll
0x776a0000 - 0x777fc000 	C:\Windows\system32\ole32.dll
0x76460000 - 0x764ef000 	C:\Windows\system32\OLEAUT32.dll
0x752b0000 - 0x752c7000 	C:\Windows\system32\USERENV.dll
0x75bf0000 - 0x75bfb000 	C:\Windows\system32\profapi.dll
0x6f3d0000 - 0x6f421000 	C:\Windows\system32\WINSPOOL.DRV
0x72080000 - 0x72092000 	C:\Windows\system32\MPR.dll
0x77cb0000 - 0x77ccf000 	C:\Windows\system32\IMM32.DLL
0x77540000 - 0x7760c000 	C:\Windows\system32\MSCTF.dll
0x7c340000 - 0x7c396000 	C:\Program Files\Java\jdk1.6.0_24\jre\bin\msvcr71.dll
0x6d8a0000 - 0x6db46000 	C:\Program Files\Java\jdk1.6.0_24\jre\bin\client\jvm.dll
0x6ffb0000 - 0x6ffe2000 	C:\Windows\system32\WINMM.dll
0x6d850000 - 0x6d85c000 	C:\Program Files\Java\jdk1.6.0_24\jre\bin\verify.dll
0x6d3d0000 - 0x6d3ef000 	C:\Program Files\Java\jdk1.6.0_24\jre\bin\java.dll
0x6d330000 - 0x6d338000 	C:\Program Files\Java\jdk1.6.0_24\jre\bin\hpi.dll
0x77c80000 - 0x77c85000 	C:\Windows\system32\PSAPI.DLL
0x6d890000 - 0x6d89f000 	C:\Program Files\Java\jdk1.6.0_24\jre\bin\zip.dll
0x6d0b0000 - 0x6d1fa000 	C:\Program Files\Java\jdk1.6.0_24\jre\bin\awt.dll
0x74be0000 - 0x74d7e000 	C:\Windows\WinSxS\x86_microsoft.windows.common-controls_6595b64144ccf1df_6.0.7601.17514_none_41e6975e2bd6f2b2\COMCTL32.dll
0x747b0000 - 0x747c3000 	C:\Windows\system32\DWMAPI.DLL
0x74a60000 - 0x74aa0000 	C:\Windows\system32\uxtheme.dll
0x75bd0000 - 0x75bdc000 	C:\Windows\system32\CRYPTBASE.dll
0x6d2e0000 - 0x6d32f000 	C:\Program Files\Java\jdk1.6.0_24\jre\bin\fontmanager.dll
0x6d6b0000 - 0x6d6c3000 	C:\Program Files\Java\jdk1.6.0_24\jre\bin\net.dll
0x774d0000 - 0x77505000 	C:\Windows\system32\WS2_32.dll
0x76040000 - 0x76046000 	C:\Windows\system32\NSI.dll
0x756c0000 - 0x756fc000 	C:\Windows\system32\mswsock.dll
0x756b0000 - 0x756b6000 	C:\Windows\System32\wship6.dll
0x6d6d0000 - 0x6d6d9000 	C:\Program Files\Java\jdk1.6.0_24\jre\bin\nio.dll
0x75700000 - 0x75716000 	C:\Windows\system32\CRYPTSP.dll
0x754a0000 - 0x754db000 	C:\Windows\system32\rsaenh.dll
0x740d0000 - 0x740e0000 	C:\Windows\system32\NLAapi.dll
0x72230000 - 0x72240000 	C:\Windows\system32\napinsp.dll
0x72210000 - 0x72222000 	C:\Windows\system32\pnrpnsp.dll
0x75580000 - 0x755c4000 	C:\Windows\system32\DNSAPI.dll
0x72200000 - 0x72208000 	C:\Windows\System32\winrnr.dll
0x16080000 - 0x16099000 	C:\Program Files\Bonjour\mdnsNSP.dll
0x73bf0000 - 0x73c0c000 	C:\Windows\system32\Iphlpapi.DLL
0x73be0000 - 0x73be7000 	C:\Windows\system32\WINNSI.DLL
0x751e0000 - 0x751e5000 	C:\Windows\System32\wshtcpip.dll
0x704a0000 - 0x704a6000 	C:\Windows\system32\rasadhlp.dll
0x72830000 - 0x72868000 	C:\Windows\System32\fwpuclnt.dll
0x77610000 - 0x77693000 	C:\Windows\system32\CLBCatQ.DLL
0x6d250000 - 0x6d273000 	C:\Program Files\Java\jdk1.6.0_24\jre\bin\dcpr.dll

VM Arguments:
jvm_args: -Dfile.encoding=UTF-8 
java_command: kroki.app.KrokiMockupToolApp
Launcher Type: SUN_STANDARD

Environment Variables:
JAVA_HOME=C:\Program Files\Java\jdk1.6.0_24
PATH=C:\Windows\system32;C:\Windows;C:\Windows\System32\Wbem;C:\Windows\System32\WindowsPowerShell\v1.0;C:\Program Files\Java\jdk1.6.0_24\bin;C:\Program Files\Apache Software Foundation\apache-maven-3.0.3\bin;C:\Program Files\Microsoft SQL Server\90\Tools\binn\;C:\Program Files\Mercurial
USERNAME=Ksenija
OS=Windows_NT
PROCESSOR_IDENTIFIER=x86 Family 6 Model 23 Stepping 10, GenuineIntel



---------------  S Y S T E M  ---------------

OS: Windows 7 Build 7601 Service Pack 1

CPU:total 2 (2 cores per cpu, 1 threads per core) family 6 model 23 stepping 10, cmov, cx8, fxsr, mmx, sse, sse2, sse3, ssse3

Memory: 4k page, physical 3007096k(1232556k free), swap 6012436k(3949836k free)

vm_info: Java HotSpot(TM) Client VM (19.1-b02) for windows-x86 JRE (1.6.0_24-b07), built on Feb  2 2011 17:44:41 by "java_re" with MS VC++ 7.1 (VS2003)

time: Mon Jan 30 21:56:09 2012
elapsed time: 53 seconds

